0 info it worked if it ends with ok
1 verbose cli [ 'node', '/usr/local/bin/npm', 'install' ]
2 info using npm@2.5.1
3 info using node@v0.12.1
4 warn package.json CLEARSOURCE@0.0.42 No description
5 warn package.json CLEARSOURCE@0.0.42 No repository field.
6 warn package.json CLEARSOURCE@0.0.42 No README data
7 verbose install where, deps [ '/Users/temp/Desktop/FINALEPICWIN/clearsource/shell',
7 verbose install   [ 'async',
7 verbose install     'body-parser',
7 verbose install     'ejs-mate',
7 verbose install     'express',
7 verbose install     'express-session',
7 verbose install     'isotope-layout',
7 verbose install     'js-sha256',
7 verbose install     'lodash',
7 verbose install     'mongojs',
7 verbose install     'sequelize',
7 verbose install     'sequelize-hierarchy',
7 verbose install     'uuid',
7 verbose install     'grunt',
7 verbose install     'mocha' ] ]
8 verbose install where, peers [ '/Users/temp/Desktop/FINALEPICWIN/clearsource/shell', [] ]
9 info preinstall CLEARSOURCE@0.0.42
10 warn package.json csv-to-collection@0.0.1 No repository field.
11 verbose already installed skipping lodash@^3.7.0 /Users/temp/Desktop/FINALEPICWIN/clearsource/shell
12 verbose already installed skipping mongojs@* /Users/temp/Desktop/FINALEPICWIN/clearsource/shell
13 verbose already installed skipping sequelize@* /Users/temp/Desktop/FINALEPICWIN/clearsource/shell
14 verbose already installed skipping sequelize-hierarchy@* /Users/temp/Desktop/FINALEPICWIN/clearsource/shell
15 verbose already installed skipping uuid@* /Users/temp/Desktop/FINALEPICWIN/clearsource/shell
16 verbose already installed skipping grunt@^0.4.5 /Users/temp/Desktop/FINALEPICWIN/clearsource/shell
17 verbose already installed skipping mocha@1.15.1 /Users/temp/Desktop/FINALEPICWIN/clearsource/shell
18 verbose already installed skipping async@* /Users/temp/Desktop/FINALEPICWIN/clearsource/shell
19 verbose already installed skipping ejs-mate@* /Users/temp/Desktop/FINALEPICWIN/clearsource/shell
20 verbose already installed skipping body-parser@* /Users/temp/Desktop/FINALEPICWIN/clearsource/shell
21 verbose already installed skipping express@* /Users/temp/Desktop/FINALEPICWIN/clearsource/shell
22 verbose already installed skipping express-session@^1.11.1 /Users/temp/Desktop/FINALEPICWIN/clearsource/shell
23 verbose already installed skipping isotope-layout@^2.2.0 /Users/temp/Desktop/FINALEPICWIN/clearsource/shell
24 verbose already installed skipping js-sha256@^0.2.3 /Users/temp/Desktop/FINALEPICWIN/clearsource/shell
25 silly install resolved []
26 info build /Users/temp/Desktop/FINALEPICWIN/clearsource/shell
27 verbose linkStuff [ false,
27 verbose linkStuff   false,
27 verbose linkStuff   false,
27 verbose linkStuff   '/Users/temp/Desktop/FINALEPICWIN/clearsource' ]
28 info linkStuff CLEARSOURCE@0.0.42
29 verbose linkBins CLEARSOURCE@0.0.42
30 verbose linkMans CLEARSOURCE@0.0.42
31 verbose rebuildBundles CLEARSOURCE@0.0.42
32 verbose rebuildBundles [ '.DS_Store',
32 verbose rebuildBundles   '.bin',
32 verbose rebuildBundles   'async',
32 verbose rebuildBundles   'better-require',
32 verbose rebuildBundles   'body-parser',
32 verbose rebuildBundles   'coffee-script',
32 verbose rebuildBundles   'colors',
32 verbose rebuildBundles   'csv-to-collection',
32 verbose rebuildBundles   'ejs',
32 verbose rebuildBundles   'ejs-mate',
32 verbose rebuildBundles   'express',
32 verbose rebuildBundles   'express-session',
32 verbose rebuildBundles   'grunt',
32 verbose rebuildBundles   'grunt-cli',
32 verbose rebuildBundles   'isotope-layout',
32 verbose rebuildBundles   'js-sha256',
32 verbose rebuildBundles   'lodash',
32 verbose rebuildBundles   'mocha',
32 verbose rebuildBundles   'mongojs',
32 verbose rebuildBundles   'mysql',
32 verbose rebuildBundles   'passport',
32 verbose rebuildBundles   'passport-facebook',
32 verbose rebuildBundles   'passport-twitter',
32 verbose rebuildBundles   'sequelize',
32 verbose rebuildBundles   'sequelize-hierarchy',
32 verbose rebuildBundles   'sitemap',
32 verbose rebuildBundles   'uuid' ]
33 verbose rebuild bundle /Users/temp/Desktop/FINALEPICWIN/clearsource/shell/node_modules/better-require
34 info build /Users/temp/Desktop/FINALEPICWIN/clearsource/shell/node_modules/better-require
35 info preinstall better-require@0.0.3
36 verbose linkStuff [ false,
36 verbose linkStuff   false,
36 verbose linkStuff   false,
36 verbose linkStuff   '/Users/temp/Desktop/FINALEPICWIN/clearsource/shell/node_modules' ]
37 info linkStuff better-require@0.0.3
38 verbose linkBins better-require@0.0.3
39 verbose linkMans better-require@0.0.3
40 verbose rebuildBundles better-require@0.0.3
41 verbose rebuildBundles [ '.bin',
41 verbose rebuildBundles   'coffee-script',
41 verbose rebuildBundles   'colors',
41 verbose rebuildBundles   'require-csv',
41 verbose rebuildBundles   'require-ini',
41 verbose rebuildBundles   'require-json',
41 verbose rebuildBundles   'require-xml',
41 verbose rebuildBundles   'require-yaml',
41 verbose rebuildBundles   'six' ]
42 info install better-require@0.0.3
43 info postinstall better-require@0.0.3
44 verbose rebuild bundle /Users/temp/Desktop/FINALEPICWIN/clearsource/shell/node_modules/coffee-script
45 info build /Users/temp/Desktop/FINALEPICWIN/clearsource/shell/node_modules/coffee-script
46 info preinstall coffee-script@1.9.2
47 verbose linkStuff [ false,
47 verbose linkStuff   false,
47 verbose linkStuff   false,
47 verbose linkStuff   '/Users/temp/Desktop/FINALEPICWIN/clearsource/shell/node_modules' ]
48 info linkStuff coffee-script@1.9.2
49 warn prefer global coffee-script@1.9.2 should be installed with -g
50 verbose linkBins coffee-script@1.9.2
51 verbose link bins [ { coffee: './bin/coffee', cake: './bin/cake' },
51 verbose link bins   '/Users/temp/Desktop/FINALEPICWIN/clearsource/shell/node_modules/.bin',
51 verbose link bins   false ]
52 verbose linkMans coffee-script@1.9.2
53 verbose rebuildBundles coffee-script@1.9.2
54 verbose gentlyRm vacuuming /Users/temp/Desktop/FINALEPICWIN/clearsource/shell/node_modules/.bin/coffee
55 verbose gentlyRm vacuuming /Users/temp/Desktop/FINALEPICWIN/clearsource/shell/node_modules/.bin/cake
56 silly gentlyRm purging /Users/temp/Desktop/FINALEPICWIN/clearsource/shell/node_modules/.bin/coffee
57 silly gentlyRm purging /Users/temp/Desktop/FINALEPICWIN/clearsource/shell/node_modules/.bin/cake
58 silly gentlyRm quitting because other entries in /Users/temp/Desktop/FINALEPICWIN/clearsource/shell/node_modules/.bin
59 silly gentlyRm quitting because other entries in /Users/temp/Desktop/FINALEPICWIN/clearsource/shell/node_modules/.bin
60 info install coffee-script@1.9.2
61 info postinstall coffee-script@1.9.2
62 verbose rebuild bundle /Users/temp/Desktop/FINALEPICWIN/clearsource/shell/node_modules/colors
63 info build /Users/temp/Desktop/FINALEPICWIN/clearsource/shell/node_modules/colors
64 info preinstall colors@1.1.0
65 verbose linkStuff [ false,
65 verbose linkStuff   false,
65 verbose linkStuff   false,
65 verbose linkStuff   '/Users/temp/Desktop/FINALEPICWIN/clearsource/shell/node_modules' ]
66 info linkStuff colors@1.1.0
67 verbose linkBins colors@1.1.0
68 verbose linkMans colors@1.1.0
69 verbose rebuildBundles colors@1.1.0
70 info install colors@1.1.0
71 info postinstall colors@1.1.0
72 verbose rebuild bundle /Users/temp/Desktop/FINALEPICWIN/clearsource/shell/node_modules/csv-to-collection
73 info build /Users/temp/Desktop/FINALEPICWIN/clearsource/shell/node_modules/csv-to-collection
74 info preinstall csv-to-collection@0.0.1
75 verbose linkStuff [ false,
75 verbose linkStuff   false,
75 verbose linkStuff   false,
75 verbose linkStuff   '/Users/temp/Desktop/FINALEPICWIN/clearsource/shell/node_modules' ]
76 info linkStuff csv-to-collection@0.0.1
77 verbose linkBins csv-to-collection@0.0.1
78 verbose linkMans csv-to-collection@0.0.1
79 verbose rebuildBundles csv-to-collection@0.0.1
80 verbose rebuildBundles [ 'csv' ]
81 info install csv-to-collection@0.0.1
82 info postinstall csv-to-collection@0.0.1
83 verbose rebuild bundle /Users/temp/Desktop/FINALEPICWIN/clearsource/shell/node_modules/ejs
84 info build /Users/temp/Desktop/FINALEPICWIN/clearsource/shell/node_modules/ejs
85 info preinstall ejs@2.3.1
86 verbose linkStuff [ false,
86 verbose linkStuff   false,
86 verbose linkStuff   false,
86 verbose linkStuff   '/Users/temp/Desktop/FINALEPICWIN/clearsource/shell/node_modules' ]
87 info linkStuff ejs@2.3.1
88 verbose linkBins ejs@2.3.1
89 verbose linkMans ejs@2.3.1
90 verbose rebuildBundles ejs@2.3.1
91 info install ejs@2.3.1
92 info postinstall ejs@2.3.1
93 verbose rebuild bundle /Users/temp/Desktop/FINALEPICWIN/clearsource/shell/node_modules/grunt-cli
94 info build /Users/temp/Desktop/FINALEPICWIN/clearsource/shell/node_modules/grunt-cli
95 info preinstall grunt-cli@0.1.13
96 verbose linkStuff [ false,
96 verbose linkStuff   false,
96 verbose linkStuff   false,
96 verbose linkStuff   '/Users/temp/Desktop/FINALEPICWIN/clearsource/shell/node_modules' ]
97 info linkStuff grunt-cli@0.1.13
98 warn prefer global grunt-cli@0.1.13 should be installed with -g
99 verbose linkBins grunt-cli@0.1.13
100 verbose link bins [ { grunt: 'bin/grunt' },
100 verbose link bins   '/Users/temp/Desktop/FINALEPICWIN/clearsource/shell/node_modules/.bin',
100 verbose link bins   false ]
101 verbose linkMans grunt-cli@0.1.13
102 verbose rebuildBundles grunt-cli@0.1.13
103 verbose rebuildBundles [ '.bin', 'findup-sync', 'nopt', 'resolve' ]
104 verbose gentlyRm vacuuming /Users/temp/Desktop/FINALEPICWIN/clearsource/shell/node_modules/.bin/grunt
105 silly gentlyRm purging /Users/temp/Desktop/FINALEPICWIN/clearsource/shell/node_modules/.bin/grunt
106 silly gentlyRm quitting because other entries in /Users/temp/Desktop/FINALEPICWIN/clearsource/shell/node_modules/.bin
107 info install grunt-cli@0.1.13
108 info postinstall grunt-cli@0.1.13
109 verbose rebuild bundle /Users/temp/Desktop/FINALEPICWIN/clearsource/shell/node_modules/mysql
110 info build /Users/temp/Desktop/FINALEPICWIN/clearsource/shell/node_modules/mysql
111 info preinstall mysql@2.6.2
112 verbose linkStuff [ false,
112 verbose linkStuff   false,
112 verbose linkStuff   false,
112 verbose linkStuff   '/Users/temp/Desktop/FINALEPICWIN/clearsource/shell/node_modules' ]
113 info linkStuff mysql@2.6.2
114 verbose linkBins mysql@2.6.2
115 verbose linkMans mysql@2.6.2
116 verbose rebuildBundles mysql@2.6.2
117 verbose rebuildBundles [ 'bignumber.js', 'readable-stream', 'require-all' ]
118 info install mysql@2.6.2
119 info postinstall mysql@2.6.2
120 verbose rebuild bundle /Users/temp/Desktop/FINALEPICWIN/clearsource/shell/node_modules/passport
121 info build /Users/temp/Desktop/FINALEPICWIN/clearsource/shell/node_modules/passport
122 info preinstall passport@0.2.1
123 verbose linkStuff [ false,
123 verbose linkStuff   false,
123 verbose linkStuff   false,
123 verbose linkStuff   '/Users/temp/Desktop/FINALEPICWIN/clearsource/shell/node_modules' ]
124 info linkStuff passport@0.2.1
125 verbose linkBins passport@0.2.1
126 verbose linkMans passport@0.2.1
127 verbose rebuildBundles passport@0.2.1
128 verbose rebuildBundles [ 'passport-strategy', 'pause' ]
129 info install passport@0.2.1
130 info postinstall passport@0.2.1
131 verbose rebuild bundle /Users/temp/Desktop/FINALEPICWIN/clearsource/shell/node_modules/passport-facebook
132 info build /Users/temp/Desktop/FINALEPICWIN/clearsource/shell/node_modules/passport-facebook
133 info preinstall passport-facebook@2.0.0
134 verbose linkStuff [ false,
134 verbose linkStuff   false,
134 verbose linkStuff   false,
134 verbose linkStuff   '/Users/temp/Desktop/FINALEPICWIN/clearsource/shell/node_modules' ]
135 info linkStuff passport-facebook@2.0.0
136 verbose linkBins passport-facebook@2.0.0
137 verbose linkMans passport-facebook@2.0.0
138 verbose rebuildBundles passport-facebook@2.0.0
139 verbose rebuildBundles [ 'passport-oauth2' ]
140 info install passport-facebook@2.0.0
141 info postinstall passport-facebook@2.0.0
142 verbose rebuild bundle /Users/temp/Desktop/FINALEPICWIN/clearsource/shell/node_modules/passport-twitter
143 info build /Users/temp/Desktop/FINALEPICWIN/clearsource/shell/node_modules/passport-twitter
144 info preinstall passport-twitter@1.0.3
145 verbose linkStuff [ false,
145 verbose linkStuff   false,
145 verbose linkStuff   false,
145 verbose linkStuff   '/Users/temp/Desktop/FINALEPICWIN/clearsource/shell/node_modules' ]
146 info linkStuff passport-twitter@1.0.3
147 verbose linkBins passport-twitter@1.0.3
148 verbose linkMans passport-twitter@1.0.3
149 verbose rebuildBundles passport-twitter@1.0.3
150 verbose rebuildBundles [ 'passport-oauth1', 'xtraverse' ]
151 info install passport-twitter@1.0.3
152 info postinstall passport-twitter@1.0.3
153 verbose rebuild bundle /Users/temp/Desktop/FINALEPICWIN/clearsource/shell/node_modules/sitemap
154 info build /Users/temp/Desktop/FINALEPICWIN/clearsource/shell/node_modules/sitemap
155 info preinstall sitemap@0.8.1
156 verbose linkStuff [ false,
156 verbose linkStuff   false,
156 verbose linkStuff   false,
156 verbose linkStuff   '/Users/temp/Desktop/FINALEPICWIN/clearsource/shell/node_modules' ]
157 info linkStuff sitemap@0.8.1
158 verbose linkBins sitemap@0.8.1
159 verbose linkMans sitemap@0.8.1
160 verbose rebuildBundles sitemap@0.8.1
161 verbose rebuildBundles [ 'underscore' ]
162 info install sitemap@0.8.1
163 info postinstall sitemap@0.8.1
164 info install CLEARSOURCE@0.0.42
165 info postinstall CLEARSOURCE@0.0.42
166 info prepublish CLEARSOURCE@0.0.42
167 verbose stack Error: The package sequelize does not satisfy its siblings' peerDependencies requirements!
167 verbose stack     at /usr/local/lib/node_modules/npm/lib/install.js:103:32
167 verbose stack     at /usr/local/lib/node_modules/npm/lib/install.js:225:5
167 verbose stack     at /usr/local/lib/node_modules/npm/node_modules/read-installed/read-installed.js:138:5
167 verbose stack     at /usr/local/lib/node_modules/npm/node_modules/read-installed/read-installed.js:251:14
167 verbose stack     at cb (/usr/local/lib/node_modules/npm/node_modules/slide/lib/async-map.js:47:24)
167 verbose stack     at /usr/local/lib/node_modules/npm/node_modules/read-installed/read-installed.js:251:14
167 verbose stack     at cb (/usr/local/lib/node_modules/npm/node_modules/slide/lib/async-map.js:47:24)
167 verbose stack     at /usr/local/lib/node_modules/npm/node_modules/read-installed/read-installed.js:251:14
167 verbose stack     at cb (/usr/local/lib/node_modules/npm/node_modules/slide/lib/async-map.js:47:24)
167 verbose stack     at /usr/local/lib/node_modules/npm/node_modules/read-installed/read-installed.js:251:14
168 verbose cwd /Users/temp/Desktop/FINALEPICWIN/clearsource/shell
169 error Darwin 12.6.0
170 error argv "node" "/usr/local/bin/npm" "install"
171 error node v0.12.1
172 error npm  v2.5.1
173 error code EPEERINVALID
174 error peerinvalid The package sequelize does not satisfy its siblings' peerDependencies requirements!
174 error peerinvalid Peer sequelize-hierarchy@0.2.10 wants sequelize@~2.0.0
175 verbose exit [ 1, true ]
